2013-06-25 15:48:25,563 - [INFO] - from play in main 
Listening for HTTP on /0:0:0:0:0:0:0:0%0:9000

2013-06-25 15:48:54,049 - [INFO] - from play in New I/O worker #1 
database [default] connected at jdbc:mysql://localhost/bwftr

2013-06-25 15:48:54,891 - [INFO] - from play in New I/O worker #1 
Application started (Dev)

2013-06-25 15:58:35,806 - [INFO] - from play in New I/O worker #6 
database [default] connected at jdbc:mysql://localhost/bwftr

2013-06-25 15:58:35,898 - [INFO] - from play in New I/O worker #6 
Application started (Dev)

2013-06-25 16:00:49,707 - [INFO] - from play in New I/O worker #8 
database [default] connected at jdbc:mysql://localhost/bwftr

2013-06-25 16:00:49,776 - [INFO] - from play in New I/O worker #8 
Application started (Dev)

2013-06-25 16:01:53,126 - [INFO] - from play in New I/O worker #2 
database [default] connected at jdbc:mysql://localhost/bwftr

2013-06-25 16:01:53,195 - [INFO] - from play in New I/O worker #2 
Application started (Dev)

2013-06-25 16:02:51,830 - [ERROR] - from application in play-internal-execution-context-1 


! @6elmjj5hp - Internal server error, for (GET) [/pictures] ->

play.api.Application$$anon$1: Execution exception[[NullPointerException: null]]
	at play.api.Application$class.handleError(Application.scala:289) ~[play_2.10.jar:2.1.1]
	at play.api.DefaultApplication.handleError(Application.scala:383) [play_2.10.jar:2.1.1]
	at play.core.server.netty.PlayDefaultUpstreamHandler$$anon$2$$anonfun$handle$1.apply(PlayDefaultUpstreamHandler.scala:144) [play_2.10.jar:2.1.1]
	at play.core.server.netty.PlayDefaultUpstreamHandler$$anon$2$$anonfun$handle$1.apply(PlayDefaultUpstreamHandler.scala:140) [play_2.10.jar:2.1.1]
	at play.api.libs.concurrent.PlayPromise$$anonfun$extend1$1.apply(Promise.scala:113) [play_2.10.jar:2.1.1]
	at play.api.libs.concurrent.PlayPromise$$anonfun$extend1$1.apply(Promise.scala:113) [play_2.10.jar:2.1.1]
	at play.api.libs.concurrent.PlayPromise$$anonfun$extend$1$$anonfun$apply$1.apply(Promise.scala:104) [play_2.10.jar:2.1.1]
	at scala.concurrent.impl.Future$PromiseCompletingRunnable.liftedTree1$1(Future.scala:24) [scala-library.jar:na]
	at scala.concurrent.impl.Future$PromiseCompletingRunnable.run(Future.scala:24) [scala-library.jar:na]
	at java.util.concurrent.ThreadPoolExecutor$Worker.runTask(ThreadPoolExecutor.java:895) [na:1.6.0_45]
	at java.util.concurrent.ThreadPoolExecutor$Worker.run(ThreadPoolExecutor.java:918) [na:1.6.0_45]
	at java.lang.Thread.run(Thread.java:680) [na:1.6.0_45]
java.lang.NullPointerException: null
	at scala.Predef$.Boolean2boolean(Predef.scala:396) ~[scala-library.jar:na]
	at views.html.pictures$$anonfun$apply$1$$anonfun$apply$2.apply(pictures.template.scala:114) ~[na:na]
	at views.html.pictures$$anonfun$apply$1$$anonfun$apply$2.apply(pictures.template.scala:110) ~[na:na]
	at scala.collection.TraversableLike$$anonfun$map$1.apply(TraversableLike.scala:244) ~[scala-library.jar:na]
	at scala.collection.TraversableLike$$anonfun$map$1.apply(TraversableLike.scala:244) ~[scala-library.jar:na]
	at scala.collection.immutable.Range.foreach(Range.scala:142) ~[scala-library.jar:na]
	at scala.collection.TraversableLike$class.map(TraversableLike.scala:244) ~[scala-library.jar:na]
	at scala.collection.AbstractTraversable.map(Traversable.scala:105) ~[scala-library.jar:na]
	at views.html.pictures$$anonfun$apply$1.apply(pictures.template.scala:110) ~[na:na]
	at views.html.pictures$$anonfun$apply$1.apply(pictures.template.scala:108) ~[na:na]
	at scala.collection.TraversableLike$$anonfun$map$1.apply(TraversableLike.scala:244) ~[scala-library.jar:na]
	at scala.collection.TraversableLike$$anonfun$map$1.apply(TraversableLike.scala:244) ~[scala-library.jar:na]
	at scala.collection.immutable.Range.foreach(Range.scala:142) ~[scala-library.jar:na]
	at scala.collection.TraversableLike$class.map(TraversableLike.scala:244) ~[scala-library.jar:na]
	at scala.collection.AbstractTraversable.map(Traversable.scala:105) ~[scala-library.jar:na]
	at views.html.pictures$.apply(pictures.template.scala:108) ~[na:na]
	at views.html.pictures$.render(pictures.template.scala:184) ~[na:na]
	at views.html.pictures.render(pictures.template.scala) ~[na:na]
	at controllers.Application.pictures(Application.java:59) ~[na:na]
	at Routes$$anonfun$routes$1$$anonfun$applyOrElse$4$$anonfun$apply$4.apply(routes_routing.scala:117) ~[na:na]
	at Routes$$anonfun$routes$1$$anonfun$applyOrElse$4$$anonfun$apply$4.apply(routes_routing.scala:117) ~[na:na]
	at play.core.Router$HandlerInvoker$$anon$6$$anon$2.invocation(Router.scala:164) ~[play_2.10.jar:2.1.1]
	at play.core.Router$Routes$$anon$1.invocation(Router.scala:345) ~[play_2.10.jar:2.1.1]
	at play.core.j.JavaAction$$anon$1.call(JavaAction.scala:31) ~[play_2.10.jar:2.1.1]
	at play.core.j.JavaAction$$anon$2.apply(JavaAction.scala:74) ~[play_2.10.jar:2.1.1]
	at play.core.j.JavaAction$$anon$2.apply(JavaAction.scala:73) ~[play_2.10.jar:2.1.1]
	at play.libs.F$Promise$PromiseActor.onReceive(F.java:420) ~[play_2.10.jar:2.1.1]
	at akka.actor.UntypedActor$$anonfun$receive$1.applyOrElse(UntypedActor.scala:159) ~[akka-actor_2.10.jar:na]
	at akka.actor.ActorCell.receiveMessage(ActorCell.scala:425) ~[akka-actor_2.10.jar:na]
	at akka.actor.ActorCell.invoke(ActorCell.scala:386) ~[akka-actor_2.10.jar:na]
	at akka.dispatch.Mailbox.processMailbox(Mailbox.scala:230) ~[akka-actor_2.10.jar:na]
	at akka.dispatch.Mailbox.run(Mailbox.scala:212) ~[akka-actor_2.10.jar:na]
	at akka.dispatch.ForkJoinExecutorConfigurator$MailboxExecutionTask.exec(AbstractDispatcher.scala:502) ~[akka-actor_2.10.jar:na]
	at scala.concurrent.forkjoin.ForkJoinTask.doExec(ForkJoinTask.java:262) ~[scala-library.jar:na]
	at scala.concurrent.forkjoin.ForkJoinPool$WorkQueue.runTask(ForkJoinPool.java:975) ~[scala-library.jar:na]
	at scala.concurrent.forkjoin.ForkJoinPool.runWorker(ForkJoinPool.java:1478) ~[scala-library.jar:na]
	at scala.concurrent.forkjoin.ForkJoinWorkerThread.run(ForkJoinWorkerThread.java:104) ~[scala-library.jar:na]

2013-06-25 16:06:03,137 - [INFO] - from play in New I/O worker #3 
database [default] connected at jdbc:mysql://localhost/bwftr

2013-06-25 16:06:03,224 - [INFO] - from play in New I/O worker #3 
Application started (Dev)

2013-06-25 16:06:45,547 - [ERROR] - from application in play-internal-execution-context-1 


! @6elmk6db9 - Internal server error, for (GET) [/sendSelectedFriend?yazilan=558557563&yazan=514228613&isim=Kirimgeray] ->

play.api.Application$$anon$1: Execution exception[[EntityNotFoundException: Bean not found during lazy load or refresh. id[514228613] type[class models.User]]]
	at play.api.Application$class.handleError(Application.scala:289) ~[play_2.10.jar:2.1.1]
	at play.api.DefaultApplication.handleError(Application.scala:383) [play_2.10.jar:2.1.1]
	at play.core.server.netty.PlayDefaultUpstreamHandler$$anon$2$$anonfun$handle$1.apply(PlayDefaultUpstreamHandler.scala:144) [play_2.10.jar:2.1.1]
	at play.core.server.netty.PlayDefaultUpstreamHandler$$anon$2$$anonfun$handle$1.apply(PlayDefaultUpstreamHandler.scala:140) [play_2.10.jar:2.1.1]
	at play.api.libs.concurrent.PlayPromise$$anonfun$extend1$1.apply(Promise.scala:113) [play_2.10.jar:2.1.1]
	at play.api.libs.concurrent.PlayPromise$$anonfun$extend1$1.apply(Promise.scala:113) [play_2.10.jar:2.1.1]
	at play.api.libs.concurrent.PlayPromise$$anonfun$extend$1$$anonfun$apply$1.apply(Promise.scala:104) [play_2.10.jar:2.1.1]
	at scala.concurrent.impl.Future$PromiseCompletingRunnable.liftedTree1$1(Future.scala:24) [scala-library.jar:na]
	at scala.concurrent.impl.Future$PromiseCompletingRunnable.run(Future.scala:24) [scala-library.jar:na]
	at java.util.concurrent.ThreadPoolExecutor$Worker.runTask(ThreadPoolExecutor.java:895) [na:1.6.0_45]
	at java.util.concurrent.ThreadPoolExecutor$Worker.run(ThreadPoolExecutor.java:918) [na:1.6.0_45]
	at java.lang.Thread.run(Thread.java:680) [na:1.6.0_45]
javax.persistence.EntityNotFoundException: Bean not found during lazy load or refresh. id[514228613] type[class models.User]
	at com.avaje.ebeaninternal.server.core.DefaultBeanLoader.refreshBeanInternal(DefaultBeanLoader.java:455) ~[avaje-ebeanorm-server.jar:na]
	at com.avaje.ebeaninternal.server.core.DefaultBeanLoader.loadBean(DefaultBeanLoader.java:382) ~[avaje-ebeanorm-server.jar:na]
	at com.avaje.ebeaninternal.server.core.DefaultServer.loadBean(DefaultServer.java:498) ~[avaje-ebeanorm-server.jar:na]
	at com.avaje.ebean.bean.EntityBeanIntercept.loadBeanInternal(EntityBeanIntercept.java:513) ~[avaje-ebeanorm-api.jar:na]
	at com.avaje.ebean.bean.EntityBeanIntercept.loadBean(EntityBeanIntercept.java:473) ~[avaje-ebeanorm-api.jar:na]
	at com.avaje.ebean.bean.EntityBeanIntercept.preGetter(EntityBeanIntercept.java:605) ~[avaje-ebeanorm-api.jar:na]
	at models.User._ebean_get_label(User.java:4) ~[na:na]
	at models.User.getLabel(User.java) ~[na:na]
	at controllers.Application.mobVarMI(Application.java:358) ~[na:na]
	at Routes$$anonfun$routes$1$$anonfun$applyOrElse$12$$anonfun$apply$12.apply(routes_routing.scala:181) ~[na:na]
	at Routes$$anonfun$routes$1$$anonfun$applyOrElse$12$$anonfun$apply$12.apply(routes_routing.scala:181) ~[na:na]
	at play.core.Router$HandlerInvoker$$anon$6$$anon$2.invocation(Router.scala:164) ~[play_2.10.jar:2.1.1]
	at play.core.Router$Routes$$anon$1.invocation(Router.scala:345) ~[play_2.10.jar:2.1.1]
	at play.core.j.JavaAction$$anon$1.call(JavaAction.scala:31) ~[play_2.10.jar:2.1.1]
	at play.core.j.JavaAction$$anon$2.apply(JavaAction.scala:74) ~[play_2.10.jar:2.1.1]
	at play.core.j.JavaAction$$anon$2.apply(JavaAction.scala:73) ~[play_2.10.jar:2.1.1]
	at play.libs.F$Promise$PromiseActor.onReceive(F.java:420) ~[play_2.10.jar:2.1.1]
	at akka.actor.UntypedActor$$anonfun$receive$1.applyOrElse(UntypedActor.scala:159) ~[akka-actor_2.10.jar:na]
	at akka.actor.ActorCell.receiveMessage(ActorCell.scala:425) ~[akka-actor_2.10.jar:na]
	at akka.actor.ActorCell.invoke(ActorCell.scala:386) ~[akka-actor_2.10.jar:na]
	at akka.dispatch.Mailbox.processMailbox(Mailbox.scala:230) ~[akka-actor_2.10.jar:na]
	at akka.dispatch.Mailbox.run(Mailbox.scala:212) ~[akka-actor_2.10.jar:na]
	at akka.dispatch.ForkJoinExecutorConfigurator$MailboxExecutionTask.exec(AbstractDispatcher.scala:502) ~[akka-actor_2.10.jar:na]
	at scala.concurrent.forkjoin.ForkJoinTask.doExec(ForkJoinTask.java:262) ~[scala-library.jar:na]
	at scala.concurrent.forkjoin.ForkJoinPool$WorkQueue.runTask(ForkJoinPool.java:975) ~[scala-library.jar:na]
	at scala.concurrent.forkjoin.ForkJoinPool.runWorker(ForkJoinPool.java:1478) ~[scala-library.jar:na]
	at scala.concurrent.forkjoin.ForkJoinWorkerThread.run(ForkJoinWorkerThread.java:104) ~[scala-library.jar:na]

2013-06-25 16:08:36,945 - [INFO] - from play in New I/O worker #5 
database [default] connected at jdbc:mysql://localhost/bwftr

2013-06-25 16:08:37,005 - [INFO] - from play in New I/O worker #5 
Application started (Dev)

2013-06-25 16:17:25,090 - [INFO] - from play in New I/O worker #7 
database [default] connected at jdbc:mysql://localhost/bwftr

2013-06-25 16:17:25,170 - [INFO] - from play in New I/O worker #7 
Application started (Dev)

2013-06-25 16:20:27,064 - [INFO] - from play in New I/O worker #1 
database [default] connected at jdbc:mysql://localhost/bwftr

2013-06-25 16:20:27,142 - [INFO] - from play in New I/O worker #1 
Application started (Dev)

2013-06-25 16:20:27,161 - [ERROR] - from application in play-internal-execution-context-2 


! @6elmm16lm - Internal server error, for (GET) [/sendSelectedFriend?yazan=514228613&yazilan=558557563&isim=Kirimgeray] ->

play.api.Application$$anon$1: Execution exception[[EntityNotFoundException: Bean not found during lazy load or refresh. id[514228613] type[class models.User]]]
	at play.api.Application$class.handleError(Application.scala:289) ~[play_2.10.jar:2.1.1]
	at play.api.DefaultApplication.handleError(Application.scala:383) [play_2.10.jar:2.1.1]
	at play.core.server.netty.PlayDefaultUpstreamHandler$$anon$2$$anonfun$handle$1.apply(PlayDefaultUpstreamHandler.scala:144) [play_2.10.jar:2.1.1]
	at play.core.server.netty.PlayDefaultUpstreamHandler$$anon$2$$anonfun$handle$1.apply(PlayDefaultUpstreamHandler.scala:140) [play_2.10.jar:2.1.1]
	at play.api.libs.concurrent.PlayPromise$$anonfun$extend1$1.apply(Promise.scala:113) [play_2.10.jar:2.1.1]
	at play.api.libs.concurrent.PlayPromise$$anonfun$extend1$1.apply(Promise.scala:113) [play_2.10.jar:2.1.1]
	at play.api.libs.concurrent.PlayPromise$$anonfun$extend$1$$anonfun$apply$1.apply(Promise.scala:104) [play_2.10.jar:2.1.1]
	at scala.concurrent.impl.Future$PromiseCompletingRunnable.liftedTree1$1(Future.scala:24) [scala-library.jar:na]
	at scala.concurrent.impl.Future$PromiseCompletingRunnable.run(Future.scala:24) [scala-library.jar:na]
	at java.util.concurrent.ThreadPoolExecutor$Worker.runTask(ThreadPoolExecutor.java:895) [na:1.6.0_45]
	at java.util.concurrent.ThreadPoolExecutor$Worker.run(ThreadPoolExecutor.java:918) [na:1.6.0_45]
	at java.lang.Thread.run(Thread.java:680) [na:1.6.0_45]
javax.persistence.EntityNotFoundException: Bean not found during lazy load or refresh. id[514228613] type[class models.User]
	at com.avaje.ebeaninternal.server.core.DefaultBeanLoader.refreshBeanInternal(DefaultBeanLoader.java:455) ~[avaje-ebeanorm-server.jar:na]
	at com.avaje.ebeaninternal.server.core.DefaultBeanLoader.loadBean(DefaultBeanLoader.java:382) ~[avaje-ebeanorm-server.jar:na]
	at com.avaje.ebeaninternal.server.core.DefaultServer.loadBean(DefaultServer.java:498) ~[avaje-ebeanorm-server.jar:na]
	at com.avaje.ebean.bean.EntityBeanIntercept.loadBeanInternal(EntityBeanIntercept.java:513) ~[avaje-ebeanorm-api.jar:na]
	at com.avaje.ebean.bean.EntityBeanIntercept.loadBean(EntityBeanIntercept.java:473) ~[avaje-ebeanorm-api.jar:na]
	at com.avaje.ebean.bean.EntityBeanIntercept.preGetter(EntityBeanIntercept.java:605) ~[avaje-ebeanorm-api.jar:na]
	at models.User._ebean_get_label(User.java:4) ~[na:na]
	at models.User.getLabel(User.java) ~[na:na]
	at controllers.Application.mobVarMI(Application.java:363) ~[na:na]
	at Routes$$anonfun$routes$1$$anonfun$applyOrElse$12$$anonfun$apply$12.apply(routes_routing.scala:181) ~[na:na]
	at Routes$$anonfun$routes$1$$anonfun$applyOrElse$12$$anonfun$apply$12.apply(routes_routing.scala:181) ~[na:na]
	at play.core.Router$HandlerInvoker$$anon$6$$anon$2.invocation(Router.scala:164) ~[play_2.10.jar:2.1.1]
	at play.core.Router$Routes$$anon$1.invocation(Router.scala:345) ~[play_2.10.jar:2.1.1]
	at play.core.j.JavaAction$$anon$1.call(JavaAction.scala:31) ~[play_2.10.jar:2.1.1]
	at play.core.j.JavaAction$$anon$2.apply(JavaAction.scala:74) ~[play_2.10.jar:2.1.1]
	at play.core.j.JavaAction$$anon$2.apply(JavaAction.scala:73) ~[play_2.10.jar:2.1.1]
	at play.libs.F$Promise$PromiseActor.onReceive(F.java:420) ~[play_2.10.jar:2.1.1]
	at akka.actor.UntypedActor$$anonfun$receive$1.applyOrElse(UntypedActor.scala:159) ~[akka-actor_2.10.jar:na]
	at akka.actor.ActorCell.receiveMessage(ActorCell.scala:425) ~[akka-actor_2.10.jar:na]
	at akka.actor.ActorCell.invoke(ActorCell.scala:386) ~[akka-actor_2.10.jar:na]
	at akka.dispatch.Mailbox.processMailbox(Mailbox.scala:230) ~[akka-actor_2.10.jar:na]
	at akka.dispatch.Mailbox.run(Mailbox.scala:212) ~[akka-actor_2.10.jar:na]
	at akka.dispatch.ForkJoinExecutorConfigurator$MailboxExecutionTask.exec(AbstractDispatcher.scala:502) ~[akka-actor_2.10.jar:na]
	at scala.concurrent.forkjoin.ForkJoinTask.doExec(ForkJoinTask.java:262) ~[scala-library.jar:na]
	at scala.concurrent.forkjoin.ForkJoinPool$WorkQueue.runTask(ForkJoinPool.java:975) ~[scala-library.jar:na]
	at scala.concurrent.forkjoin.ForkJoinPool.runWorker(ForkJoinPool.java:1478) ~[scala-library.jar:na]
	at scala.concurrent.forkjoin.ForkJoinWorkerThread.run(ForkJoinWorkerThread.java:104) ~[scala-library.jar:na]

2013-06-25 16:20:45,045 - [INFO] - from play in New I/O worker #1 
database [default] connected at jdbc:mysql://localhost/bwftr

2013-06-25 16:20:45,097 - [INFO] - from play in New I/O worker #1 
Application started (Dev)

2013-06-25 16:21:55,351 - [INFO] - from play in New I/O worker #2 
database [default] connected at jdbc:mysql://localhost/bwftr

2013-06-25 16:21:55,403 - [INFO] - from play in New I/O worker #2 
Application started (Dev)

2013-06-25 16:24:45,770 - [INFO] - from play in New I/O worker #4 
database [default] connected at jdbc:mysql://localhost/bwftr

2013-06-25 16:24:45,814 - [INFO] - from play in New I/O worker #4 
Application started (Dev)

2013-06-25 16:32:31,400 - [INFO] - from play in New I/O worker #8 
database [default] connected at jdbc:mysql://localhost/bwftr

2013-06-25 16:32:31,463 - [INFO] - from play in New I/O worker #8 
Application started (Dev)

2013-06-25 16:34:03,291 - [INFO] - from play in New I/O worker #2 
database [default] connected at jdbc:mysql://localhost/bwftr

2013-06-25 16:34:03,346 - [INFO] - from play in New I/O worker #2 
Application started (Dev)

2013-06-25 16:35:22,348 - [ERROR] - from application in play-internal-execution-context-3 


! @6elmo0524 - Internal server error, for (GET) [/sendSelectedFriend?yazan=5585575634&yazilan=5142286134&isim=Kirimgeray] ->

play.api.Application$$anon$1: Execution exception[[NumberFormatException: For input string: "51422861345585575634"]]
	at play.api.Application$class.handleError(Application.scala:289) ~[play_2.10.jar:2.1.1]
	at play.api.DefaultApplication.handleError(Application.scala:383) [play_2.10.jar:2.1.1]
	at play.core.server.netty.PlayDefaultUpstreamHandler$$anon$2$$anonfun$handle$1.apply(PlayDefaultUpstreamHandler.scala:144) [play_2.10.jar:2.1.1]
	at play.core.server.netty.PlayDefaultUpstreamHandler$$anon$2$$anonfun$handle$1.apply(PlayDefaultUpstreamHandler.scala:140) [play_2.10.jar:2.1.1]
	at play.api.libs.concurrent.PlayPromise$$anonfun$extend1$1.apply(Promise.scala:113) [play_2.10.jar:2.1.1]
	at play.api.libs.concurrent.PlayPromise$$anonfun$extend1$1.apply(Promise.scala:113) [play_2.10.jar:2.1.1]
	at play.api.libs.concurrent.PlayPromise$$anonfun$extend$1$$anonfun$apply$1.apply(Promise.scala:104) [play_2.10.jar:2.1.1]
	at scala.concurrent.impl.Future$PromiseCompletingRunnable.liftedTree1$1(Future.scala:24) [scala-library.jar:na]
	at scala.concurrent.impl.Future$PromiseCompletingRunnable.run(Future.scala:24) [scala-library.jar:na]
	at java.util.concurrent.ThreadPoolExecutor$Worker.runTask(ThreadPoolExecutor.java:895) [na:1.6.0_45]
	at java.util.concurrent.ThreadPoolExecutor$Worker.run(ThreadPoolExecutor.java:918) [na:1.6.0_45]
	at java.lang.Thread.run(Thread.java:680) [na:1.6.0_45]
java.lang.NumberFormatException: For input string: "51422861345585575634"
	at java.lang.NumberFormatException.forInputString(NumberFormatException.java:48) ~[na:1.6.0_45]
	at java.lang.Long.parseLong(Long.java:422) ~[na:1.6.0_45]
	at java.lang.Long.parseLong(Long.java:468) ~[na:1.6.0_45]
	at controllers.Application.mobVarMI(Application.java:339) ~[na:na]
	at Routes$$anonfun$routes$1$$anonfun$applyOrElse$12$$anonfun$apply$12.apply(routes_routing.scala:181) ~[na:na]
	at Routes$$anonfun$routes$1$$anonfun$applyOrElse$12$$anonfun$apply$12.apply(routes_routing.scala:181) ~[na:na]
	at play.core.Router$HandlerInvoker$$anon$6$$anon$2.invocation(Router.scala:164) ~[play_2.10.jar:2.1.1]
	at play.core.Router$Routes$$anon$1.invocation(Router.scala:345) ~[play_2.10.jar:2.1.1]
	at play.core.j.JavaAction$$anon$1.call(JavaAction.scala:31) ~[play_2.10.jar:2.1.1]
	at play.core.j.JavaAction$$anon$2.apply(JavaAction.scala:74) ~[play_2.10.jar:2.1.1]
	at play.core.j.JavaAction$$anon$2.apply(JavaAction.scala:73) ~[play_2.10.jar:2.1.1]
	at play.libs.F$Promise$PromiseActor.onReceive(F.java:420) ~[play_2.10.jar:2.1.1]
	at akka.actor.UntypedActor$$anonfun$receive$1.applyOrElse(UntypedActor.scala:159) ~[akka-actor_2.10.jar:na]
	at akka.actor.ActorCell.receiveMessage(ActorCell.scala:425) ~[akka-actor_2.10.jar:na]
	at akka.actor.ActorCell.invoke(ActorCell.scala:386) ~[akka-actor_2.10.jar:na]
	at akka.dispatch.Mailbox.processMailbox(Mailbox.scala:230) ~[akka-actor_2.10.jar:na]
	at akka.dispatch.Mailbox.run(Mailbox.scala:212) ~[akka-actor_2.10.jar:na]
	at akka.dispatch.ForkJoinExecutorConfigurator$MailboxExecutionTask.exec(AbstractDispatcher.scala:502) ~[akka-actor_2.10.jar:na]
	at scala.concurrent.forkjoin.ForkJoinTask.doExec(ForkJoinTask.java:262) ~[scala-library.jar:na]
	at scala.concurrent.forkjoin.ForkJoinPool$WorkQueue.runTask(ForkJoinPool.java:975) ~[scala-library.jar:na]
	at scala.concurrent.forkjoin.ForkJoinPool.runWorker(ForkJoinPool.java:1478) ~[scala-library.jar:na]
	at scala.concurrent.forkjoin.ForkJoinWorkerThread.run(ForkJoinWorkerThread.java:104) ~[scala-library.jar:na]

